<?xml version="1.0" encoding="UTF-8"?>
<!-- Generated by org.testng.reporters.JUnitReportReporter -->
<testsuite hostname="LAPTOP-F1U3RUR2" failures="0" tests="1" name="correios.Automacao_SROTest" time="6.132" errors="0" timestamp="26 Jul 2021 13:17:29 GMT" skipped="0">
  <testcase classname="correios.Automacao_SROTest" name="SRO" time="6.132"/>
</testsuite> <!-- correios.Automacao_SROTest -->
