<?xml version="1.0" encoding="UTF-8"?>
<!-- Generated by org.testng.reporters.JUnitReportReporter -->
<testsuite hostname="LAPTOP-F1U3RUR2" failures="0" tests="1" name="com.google.com.SearchTest" time="12.967" errors="0" timestamp="12 Jul 2021 14:45:44 GMT" skipped="0">
  <testcase classname="com.google.com.SearchTest" name="searchTest" time="12.967"/>
</testsuite> <!-- com.google.com.SearchTest -->
