<?xml version="1.0" encoding="UTF-8"?>
<!-- Generated by org.testng.reporters.JUnitReportReporter -->
<testsuite hostname="LAPTOP-F1U3RUR2" failures="0" tests="1" name="scs_ibm.siginTest" time="20.594" errors="0" timestamp="16 Jul 2021 14:36:22 GMT" skipped="0">
  <testcase classname="scs_ibm.siginTest" name="buttontest" time="20.594"/>
</testsuite> <!-- scs_ibm.siginTest -->
