<?xml version="1.0" encoding="UTF-8"?>
<!-- Generated by org.testng.reporters.JUnitReportReporter -->
<testsuite hostname="LAPTOP-F1U3RUR2" failures="0" tests="1" name="com.uninter.univirtus.UnivirtusLoginTest" time="19.141" errors="0" timestamp="05 Aug 2021 11:39:37 GMT" skipped="0">
  <testcase classname="com.uninter.univirtus.UnivirtusLoginTest" name="loginTest" time="19.141"/>
</testsuite> <!-- com.uninter.univirtus.UnivirtusLoginTest -->
